N = 1.100000023841858 = 1.000110011001100110011010
D = 1.100000023841858 = 1.000110011001100110011010

i = 0, N = 0.825000, R = 1.175000
i = 0, N = 00.1101001100110011001100111000, R = 01.0010110011001100110011001000
i = 1, N = 0.969375, R = 1.030625
i = 1, N = 00.1111100000101000111101011101, R = 01.0000011111010111000010100011
i = 2, N = 0.999062, R = 1.000938
i = 2, N = 00.1111111111000010100010001100, R = 01.0000000000111101011101110100
i = 3, N = 0.999999, R = 1.000001
i = 3, N = 00.1111111111111111111100010011, R = 01.0000000000000000000011101101
i = 4, N = 1.000000, R = 1.000000
i = 4, N = 00.1111111111111111111111111111, R = 01.0000000000000000000000000001

Actual Answer
RQ = 1.000000000000000 = 01.000000000000000000000000
GDIV Answer
RD = 0.999999940395355 = 00.111111111111111111111111

Error Analysis
error =  0.000000059604645
#bits = -24.000000000000000

Remainder
RREM = 1.100000023841858
RREM = 1.000110011001100110011010

